  sw.cpp
C:\Users\정찬호\source\repos\ChangeEntryPointToFLFunctionInHighLanguage64\ChangeEntryPointToFLFunctionInHighLanguage64\sw.cpp(109,59): warning C4312: '형식 캐스트': 'unsigned int'에서 더 큰 'int *'(으)로의 변환입니다.
C:\Users\정찬호\source\repos\ChangeEntryPointToFLFunctionInHighLanguage64\ChangeEntryPointToFLFunctionInHighLanguage64\sw.cpp(200,90): warning C4312: '형식 캐스트': 'DWORD'에서 더 큰 'int32_t *'(으)로의 변환입니다.
C:\Users\정찬호\source\repos\ChangeEntryPointToFLFunctionInHighLanguage64\ChangeEntryPointToFLFunctionInHighLanguage64\sw.cpp(201,94): warning C4312: '형식 캐스트': 'int32_t'에서 더 큰 'int32_t *'(으)로의 변환입니다.
C:\Users\정찬호\source\repos\ChangeEntryPointToFLFunctionInHighLanguage64\ChangeEntryPointToFLFunctionInHighLanguage64\sw.cpp(247,44): warning C4267: '초기화 중': 'size_t'에서 'int32_t'(으)로 변환하면서 데이터가 손실될 수 있습니다.
C:\Users\정찬호\source\repos\ChangeEntryPointToFLFunctionInHighLanguage64\ChangeEntryPointToFLFunctionInHighLanguage64\sw.cpp(258,55): warning C4267: '초기화 중': 'size_t'에서 'int32_t'(으)로 변환하면서 데이터가 손실될 수 있습니다.
C:\Users\정찬호\source\repos\ChangeEntryPointToFLFunctionInHighLanguage64\ChangeEntryPointToFLFunctionInHighLanguage64\sw.cpp(633,44): warning C4267: '초기화 중': 'size_t'에서 'int32_t'(으)로 변환하면서 데이터가 손실될 수 있습니다.
C:\Users\정찬호\source\repos\ChangeEntryPointToFLFunctionInHighLanguage64\ChangeEntryPointToFLFunctionInHighLanguage64\sw.cpp(1632,34): warning C4267: '초기화 중': 'size_t'에서 'int'(으)로 변환하면서 데이터가 손실될 수 있습니다.
C:\Users\정찬호\source\repos\ChangeEntryPointToFLFunctionInHighLanguage64\ChangeEntryPointToFLFunctionInHighLanguage64\sw.cpp(1633,33): warning C4267: '초기화 중': 'size_t'에서 'int'(으)로 변환하면서 데이터가 손실될 수 있습니다.
C:\Users\정찬호\source\repos\ChangeEntryPointToFLFunctionInHighLanguage64\ChangeEntryPointToFLFunctionInHighLanguage64\sw.cpp(1675,58): warning C4267: '초기화 중': 'size_t'에서 'int32_t'(으)로 변환하면서 데이터가 손실될 수 있습니다.
C:\Users\정찬호\source\repos\ChangeEntryPointToFLFunctionInHighLanguage64\ChangeEntryPointToFLFunctionInHighLanguage64\sw.cpp(1687,54): warning C4267: '초기화 중': 'size_t'에서 'int32_t'(으)로 변환하면서 데이터가 손실될 수 있습니다.
C:\Users\정찬호\source\repos\ChangeEntryPointToFLFunctionInHighLanguage64\ChangeEntryPointToFLFunctionInHighLanguage64\sw.cpp(1699,64): warning C4267: '초기화 중': 'size_t'에서 'int32_t'(으)로 변환하면서 데이터가 손실될 수 있습니다.
C:\Users\정찬호\source\repos\ChangeEntryPointToFLFunctionInHighLanguage64\ChangeEntryPointToFLFunctionInHighLanguage64\sw.cpp(1711,50): warning C4267: '초기화 중': 'size_t'에서 'int32_t'(으)로 변환하면서 데이터가 손실될 수 있습니다.
C:\Users\정찬호\source\repos\ChangeEntryPointToFLFunctionInHighLanguage64\ChangeEntryPointToFLFunctionInHighLanguage64\sw.cpp(1724,42): warning C4267: '초기화 중': 'size_t'에서 'int32_t'(으)로 변환하면서 데이터가 손실될 수 있습니다.
C:\Users\정찬호\source\repos\ChangeEntryPointToFLFunctionInHighLanguage64\ChangeEntryPointToFLFunctionInHighLanguage64\sw.cpp(1739,46): warning C4267: '초기화 중': 'size_t'에서 'int32_t'(으)로 변환하면서 데이터가 손실될 수 있습니다.
C:\Users\정찬호\source\repos\ChangeEntryPointToFLFunctionInHighLanguage64\ChangeEntryPointToFLFunctionInHighLanguage64\sw.cpp(1752,66): warning C4267: '초기화 중': 'size_t'에서 'int32_t'(으)로 변환하면서 데이터가 손실될 수 있습니다.
  코드를 생성하고 있습니다.
  1 of 258 functions ( 0.4%) were compiled, the rest were copied from previous compilation.
    0 functions were new in current compilation
    0 functions had inline decision re-evaluated but remain unchanged
  코드를 생성했습니다.
  ChangeEntryPointToFLFunctionInHighLanguage64.vcxproj -> C:\Users\정찬호\source\repos\ChangeEntryPointToFLFunctionInHighLanguage64\x64\Release\ChangeEntryPointToFLFunctionInHighLanguage64.exe
